生成启动时间为 2018/7/15 14:16:42。
     1>项目“D:\软件VS\DIC单目程序第一版！\20180705DIC\ImageR\ImageR\ImageR.vcxproj”在节点 2 上(build 个目标)。
     1>C:\Program Files (x86)\MSBuild\Microsoft.Cpp\v4.0\Microsoft.CppBuild.targets(299,5): warning MSB8004: Output 目录未以斜杠结尾。此生成实例将添加斜杠，因为必须有这个斜杠才能正确计算 Output 目录。
     1>InitializeBuildStatus:
         正在创建“x64\Debug\ImageR.unsuccessfulbuild”，因为已指定“AlwaysCreate”。
       GenerateTargetFrameworkMonikerAttribute:
       正在跳过目标“GenerateTargetFrameworkMonikerAttribute”，因为所有输出文件相对于输入文件而言都是最新的。
       ClCompile:
         所有输出均为最新。
         所有输出均为最新。
       Link:
         C:\Program Files (x86)\Microsoft Visual Studio 10.0\VC\bin\x86_amd64\link.exe /ERRORREPORT:PROMPT /OUT:"..\..\MyDIC\MyDIC\bin\x64\Debug\ImageR.dll" /INCREMENTAL /NOLOGO opencv_calib3d249d.lib opencv_contrib249d.lib opencv_core249d.lib opencv_features2d249d.lib opencv_flann249d.lib opencv_gpu249d.lib opencv_highgui249d.lib opencv_imgproc249d.lib opencv_legacy249d.lib opencv_ml249d.lib opencv_nonfree249d.lib opencv_objdetect249d.lib opencv_photo249d.lib opencv_stitching249d.lib opencv_ts249d.lib opencv_video249d.lib opencv_videostab249d.lib opencv_calib3d249.lib opencv_contrib249.lib opencv_core249.lib opencv_features2d249.lib opencv_flann249.lib opencv_gpu249.lib opencv_highgui249.lib opencv_imgproc249.lib opencv_legacy249.lib opencv_ml249.lib opencv_nonfree249.lib opencv_objdetect249.lib opencv_photo249.lib opencv_stitching249.lib opencv_ts249.lib opencv_video249.lib opencv_videostab249.lib kernel32.lib user32.lib gdi32.lib winspool.lib comdlg32.lib advapi32.lib shell32.lib ole32.lib oleaut32.lib uuid.lib odbc32.lib odbccp32.lib /MANIFEST /ManifestFile:"x64\Debug\ImageR.dll.intermediate.manifest" /MANIFESTUAC:"level='asInvoker' uiAccess='false'" /DEBUG /PDB:"D:\软件VS\DIC单目程序第一版！\20180705DIC\MyDIC\MyDIC\bin\x64\Debug\ImageR.pdb" /ASSEMBLYDEBUG /SUBSYSTEM:CONSOLE /TLBID:1 /DYNAMICBASE /FIXED:NO /NXCOMPAT /MACHINE:X64 /DLL x64\Debug\ImageR.obj
         x64\Debug\stdafx.obj
         "x64\Debug\.NETFramework,Version=v4.0.AssemblyAttributes.obj"
            正在创建库 ..\..\MyDIC\MyDIC\bin\x64\Debug\ImageR.lib 和对象 ..\..\MyDIC\MyDIC\bin\x64\Debug\ImageR.exp
     1>opencv_ts249d.lib(ts_gtest.obj) : warning LNK4099: 未找到 PDB“opencv_ts249d.pdb”(使用“opencv_ts249d.lib(ts_gtest.obj)”或在“D:\软件VS\DIC单目程序第一版！\20180705DIC\MyDIC\MyDIC\bin\x64\Debug\opencv_ts249d.pdb”中寻找)；正在链接对象，如同没有调试信息一样
     1>opencv_ts249d.lib(ts_perf.obj) : warning LNK4099: 未找到 PDB“opencv_ts249d.pdb”(使用“opencv_ts249d.lib(ts_perf.obj)”或在“D:\软件VS\DIC单目程序第一版！\20180705DIC\MyDIC\MyDIC\bin\x64\Debug\opencv_ts249d.pdb”中寻找)；正在链接对象，如同没有调试信息一样
         ImageR.vcxproj -> D:\软件VS\DIC单目程序第一版！\20180705DIC\ImageR\ImageR\..\..\MyDIC\MyDIC\bin\x64\Debug\ImageR.dll
       Manifest:
         C:\Program Files (x86)\Microsoft SDKs\Windows\v7.0A\bin\mt.exe /nologo /verbose /outputresource:"..\..\MyDIC\MyDIC\bin\x64\Debug\ImageR.dll;#2" /manifest x64\Debug\ImageR.dll.intermediate.manifest
       FinalizeBuildStatus:
         正在删除文件“x64\Debug\ImageR.unsuccessfulbuild”。
         正在对“x64\Debug\ImageR.lastbuildstate”执行 Touch 任务。
     1>已完成生成项目“D:\软件VS\DIC单目程序第一版！\20180705DIC\ImageR\ImageR\ImageR.vcxproj”(build 个目标)的操作。

生成成功。

已用时间 00:00:00.89
