..\..\MyDIC\MyDIC\bin\x64\Debug\ImageR.ilk
..\..\MyDIC\MyDIC\bin\x64\Debug\ImageR.pdb
D:\20180627DIC\IMAGER\IMAGER\X64\DEBUG\.NETFRAMEWORK,VERSION=V4.0.ASSEMBLYATTRIBUTES.OBJ
D:\20180627DIC\IMAGER\IMAGER\X64\DEBUG\IMAGER.DLL.INTERMEDIATE.MANIFEST
D:\20180627DIC\IMAGER\IMAGER\X64\DEBUG\IMAGER.OBJ
D:\20180627DIC\IMAGER\IMAGER\X64\DEBUG\STDAFX.OBJ
D:\20180627DIC\IMAGER\IMAGER\X64\DEBUG\VC100.PDB
D:\20180627DIC\MYDIC\MYDIC\BIN\X64\DEBUG\IMAGER.DLL
D:\20180627DIC\MyDIC\MyDIC\bin\x64\Debug\ImageR.exp
D:\20180627DIC\MYDIC\MYDIC\BIN\X64\DEBUG\IMAGER.ILK
D:\20180627DIC\MyDIC\MyDIC\bin\x64\Debug\ImageR.lib
D:\20180627DIC\MYDIC\MYDIC\BIN\X64\DEBUG\IMAGER.PDB
D:\20180703DIC\IMAGER\IMAGER\X64\DEBUG\IMAGER.DLL.INTERMEDIATE.MANIFEST
D:\20180703DIC\IMAGER\IMAGER\X64\DEBUG\IMAGER.OBJ
D:\20180703DIC\IMAGER\IMAGER\X64\DEBUG\STDAFX.OBJ
D:\20180703DIC\IMAGER\IMAGER\X64\DEBUG\VC100.PDB
D:\20180703DIC\MYDIC\MYDIC\BIN\X64\DEBUG\IMAGER.DLL
D:\20180703DIC\MyDIC\MyDIC\bin\x64\Debug\ImageR.exp
D:\20180703DIC\MYDIC\MYDIC\BIN\X64\DEBUG\IMAGER.ILK
D:\20180703DIC\MyDIC\MyDIC\bin\x64\Debug\ImageR.lib
D:\20180703DIC\MYDIC\MYDIC\BIN\X64\DEBUG\IMAGER.PDB
D:\软件VS\DIC单目程序第一版！\20180703DIC\ImageR\ImageR\..\..\MyDIC\MyDIC\bin\x64\Debug\ImageR.dll
D:\软件VS\DIC单目程序第一版！\20180703DIC\IMAGER\IMAGER\X64\DEBUG\.NETFRAMEWORK,VERSION=V4.0.ASSEMBLYATTRIBUTES.OBJ
D:\软件VS\DIC单目程序第一版！\20180703DIC\ImageR\ImageR\x64\Debug\cl.command.1.tlog
D:\软件VS\DIC单目程序第一版！\20180703DIC\ImageR\ImageR\x64\Debug\CL.read.1.tlog
D:\软件VS\DIC单目程序第一版！\20180703DIC\ImageR\ImageR\x64\Debug\CL.write.1.tlog
D:\软件VS\DIC单目程序第一版！\20180703DIC\IMAGER\IMAGER\X64\DEBUG\IMAGER.DLL.INTERMEDIATE.MANIFEST
D:\软件VS\DIC单目程序第一版！\20180703DIC\IMAGER\IMAGER\X64\DEBUG\IMAGER.OBJ
D:\软件VS\DIC单目程序第一版！\20180703DIC\ImageR\ImageR\x64\Debug\ImageR.vcxprojResolveAssemblyReference.cache
D:\软件VS\DIC单目程序第一版！\20180703DIC\ImageR\ImageR\x64\Debug\ImageR.write.1.tlog
D:\软件VS\DIC单目程序第一版！\20180703DIC\ImageR\ImageR\x64\Debug\link.10364.read.1.tlog
D:\软件VS\DIC单目程序第一版！\20180703DIC\ImageR\ImageR\x64\Debug\link.10364.write.1.tlog
D:\软件VS\DIC单目程序第一版！\20180703DIC\ImageR\ImageR\x64\Debug\link.10752.read.1.tlog
D:\软件VS\DIC单目程序第一版！\20180703DIC\ImageR\ImageR\x64\Debug\link.10752.write.1.tlog
D:\软件VS\DIC单目程序第一版！\20180703DIC\ImageR\ImageR\x64\Debug\link.10988.read.1.tlog
D:\软件VS\DIC单目程序第一版！\20180703DIC\ImageR\ImageR\x64\Debug\link.10988.write.1.tlog
D:\软件VS\DIC单目程序第一版！\20180703DIC\ImageR\ImageR\x64\Debug\link.12092.read.1.tlog
D:\软件VS\DIC单目程序第一版！\20180703DIC\ImageR\ImageR\x64\Debug\link.12092.write.1.tlog
D:\软件VS\DIC单目程序第一版！\20180703DIC\ImageR\ImageR\x64\Debug\link.12572.read.1.tlog
D:\软件VS\DIC单目程序第一版！\20180703DIC\ImageR\ImageR\x64\Debug\link.12572.write.1.tlog
D:\软件VS\DIC单目程序第一版！\20180703DIC\ImageR\ImageR\x64\Debug\link.12948.read.1.tlog
D:\软件VS\DIC单目程序第一版！\20180703DIC\ImageR\ImageR\x64\Debug\link.12948.write.1.tlog
D:\软件VS\DIC单目程序第一版！\20180703DIC\ImageR\ImageR\x64\Debug\link.13384.read.1.tlog
D:\软件VS\DIC单目程序第一版！\20180703DIC\ImageR\ImageR\x64\Debug\link.13384.write.1.tlog
D:\软件VS\DIC单目程序第一版！\20180703DIC\ImageR\ImageR\x64\Debug\link.1344.read.1.tlog
D:\软件VS\DIC单目程序第一版！\20180703DIC\ImageR\ImageR\x64\Debug\link.1344.write.1.tlog
D:\软件VS\DIC单目程序第一版！\20180703DIC\ImageR\ImageR\x64\Debug\link.14880.read.1.tlog
D:\软件VS\DIC单目程序第一版！\20180703DIC\ImageR\ImageR\x64\Debug\link.14880.write.1.tlog
D:\软件VS\DIC单目程序第一版！\20180703DIC\ImageR\ImageR\x64\Debug\link.15724.read.1.tlog
D:\软件VS\DIC单目程序第一版！\20180703DIC\ImageR\ImageR\x64\Debug\link.15724.write.1.tlog
D:\软件VS\DIC单目程序第一版！\20180703DIC\ImageR\ImageR\x64\Debug\link.15900.read.1.tlog
D:\软件VS\DIC单目程序第一版！\20180703DIC\ImageR\ImageR\x64\Debug\link.15900.write.1.tlog
D:\软件VS\DIC单目程序第一版！\20180703DIC\ImageR\ImageR\x64\Debug\link.16168.read.1.tlog
D:\软件VS\DIC单目程序第一版！\20180703DIC\ImageR\ImageR\x64\Debug\link.16168.write.1.tlog
D:\软件VS\DIC单目程序第一版！\20180703DIC\ImageR\ImageR\x64\Debug\link.16224.read.1.tlog
D:\软件VS\DIC单目程序第一版！\20180703DIC\ImageR\ImageR\x64\Debug\link.16224.write.1.tlog
D:\软件VS\DIC单目程序第一版！\20180703DIC\ImageR\ImageR\x64\Debug\link.16312.read.1.tlog
D:\软件VS\DIC单目程序第一版！\20180703DIC\ImageR\ImageR\x64\Debug\link.16312.write.1.tlog
D:\软件VS\DIC单目程序第一版！\20180703DIC\ImageR\ImageR\x64\Debug\link.1964.read.1.tlog
D:\软件VS\DIC单目程序第一版！\20180703DIC\ImageR\ImageR\x64\Debug\link.1964.write.1.tlog
D:\软件VS\DIC单目程序第一版！\20180703DIC\ImageR\ImageR\x64\Debug\link.2216.read.1.tlog
D:\软件VS\DIC单目程序第一版！\20180703DIC\ImageR\ImageR\x64\Debug\link.2216.write.1.tlog
D:\软件VS\DIC单目程序第一版！\20180703DIC\ImageR\ImageR\x64\Debug\link.2796.read.1.tlog
D:\软件VS\DIC单目程序第一版！\20180703DIC\ImageR\ImageR\x64\Debug\link.2796.write.1.tlog
D:\软件VS\DIC单目程序第一版！\20180703DIC\ImageR\ImageR\x64\Debug\link.2852.read.1.tlog
D:\软件VS\DIC单目程序第一版！\20180703DIC\ImageR\ImageR\x64\Debug\link.2852.write.1.tlog
D:\软件VS\DIC单目程序第一版！\20180703DIC\ImageR\ImageR\x64\Debug\link.3320.read.1.tlog
D:\软件VS\DIC单目程序第一版！\20180703DIC\ImageR\ImageR\x64\Debug\link.3320.write.1.tlog
D:\软件VS\DIC单目程序第一版！\20180703DIC\ImageR\ImageR\x64\Debug\link.4160.read.1.tlog
D:\软件VS\DIC单目程序第一版！\20180703DIC\ImageR\ImageR\x64\Debug\link.4160.write.1.tlog
D:\软件VS\DIC单目程序第一版！\20180703DIC\ImageR\ImageR\x64\Debug\link.4896.read.1.tlog
D:\软件VS\DIC单目程序第一版！\20180703DIC\ImageR\ImageR\x64\Debug\link.4896.write.1.tlog
D:\软件VS\DIC单目程序第一版！\20180703DIC\ImageR\ImageR\x64\Debug\link.6216.read.1.tlog
D:\软件VS\DIC单目程序第一版！\20180703DIC\ImageR\ImageR\x64\Debug\link.6216.write.1.tlog
D:\软件VS\DIC单目程序第一版！\20180703DIC\ImageR\ImageR\x64\Debug\link.6672.read.1.tlog
D:\软件VS\DIC单目程序第一版！\20180703DIC\ImageR\ImageR\x64\Debug\link.6672.write.1.tlog
D:\软件VS\DIC单目程序第一版！\20180703DIC\ImageR\ImageR\x64\Debug\link.6732.read.1.tlog
D:\软件VS\DIC单目程序第一版！\20180703DIC\ImageR\ImageR\x64\Debug\link.6732.write.1.tlog
D:\软件VS\DIC单目程序第一版！\20180703DIC\ImageR\ImageR\x64\Debug\link.6748.read.1.tlog
D:\软件VS\DIC单目程序第一版！\20180703DIC\ImageR\ImageR\x64\Debug\link.6748.write.1.tlog
D:\软件VS\DIC单目程序第一版！\20180703DIC\ImageR\ImageR\x64\Debug\link.7748.read.1.tlog
D:\软件VS\DIC单目程序第一版！\20180703DIC\ImageR\ImageR\x64\Debug\link.7748.write.1.tlog
D:\软件VS\DIC单目程序第一版！\20180703DIC\ImageR\ImageR\x64\Debug\link.7988.read.1.tlog
D:\软件VS\DIC单目程序第一版！\20180703DIC\ImageR\ImageR\x64\Debug\link.7988.write.1.tlog
D:\软件VS\DIC单目程序第一版！\20180703DIC\ImageR\ImageR\x64\Debug\link.8732.read.1.tlog
D:\软件VS\DIC单目程序第一版！\20180703DIC\ImageR\ImageR\x64\Debug\link.8732.write.1.tlog
D:\软件VS\DIC单目程序第一版！\20180703DIC\ImageR\ImageR\x64\Debug\link.8872.read.1.tlog
D:\软件VS\DIC单目程序第一版！\20180703DIC\ImageR\ImageR\x64\Debug\link.8872.write.1.tlog
D:\软件VS\DIC单目程序第一版！\20180703DIC\ImageR\ImageR\x64\Debug\link.9308.read.1.tlog
D:\软件VS\DIC单目程序第一版！\20180703DIC\ImageR\ImageR\x64\Debug\link.9308.write.1.tlog
D:\软件VS\DIC单目程序第一版！\20180703DIC\ImageR\ImageR\x64\Debug\link.9900.read.1.tlog
D:\软件VS\DIC单目程序第一版！\20180703DIC\ImageR\ImageR\x64\Debug\link.9900.write.1.tlog
D:\软件VS\DIC单目程序第一版！\20180703DIC\ImageR\ImageR\x64\Debug\link.9964.read.1.tlog
D:\软件VS\DIC单目程序第一版！\20180703DIC\ImageR\ImageR\x64\Debug\link.9964.write.1.tlog
D:\软件VS\DIC单目程序第一版！\20180703DIC\ImageR\ImageR\x64\Debug\link.command.1.tlog
D:\软件VS\DIC单目程序第一版！\20180703DIC\ImageR\ImageR\x64\Debug\link.read.1.tlog
D:\软件VS\DIC单目程序第一版！\20180703DIC\ImageR\ImageR\x64\Debug\link.write.1.tlog
D:\软件VS\DIC单目程序第一版！\20180703DIC\ImageR\ImageR\x64\Debug\metagen.read.1.tlog
D:\软件VS\DIC单目程序第一版！\20180703DIC\ImageR\ImageR\x64\Debug\metagen.write.1.tlog
D:\软件VS\DIC单目程序第一版！\20180703DIC\ImageR\ImageR\x64\Debug\mt.command.1.tlog
D:\软件VS\DIC单目程序第一版！\20180703DIC\ImageR\ImageR\x64\Debug\mt.read.1.tlog
D:\软件VS\DIC单目程序第一版！\20180703DIC\ImageR\ImageR\x64\Debug\mt.write.1.tlog
D:\软件VS\DIC单目程序第一版！\20180703DIC\ImageR\ImageR\x64\Debug\OLEACCRC.DLL.bi
D:\软件VS\DIC单目程序第一版！\20180703DIC\ImageR\ImageR\x64\Debug\RSAENH.DLL.bi
D:\软件VS\DIC单目程序第一版！\20180703DIC\IMAGER\IMAGER\X64\DEBUG\STDAFX.OBJ
D:\软件VS\DIC单目程序第一版！\20180703DIC\ImageR\ImageR\x64\Debug\TZRES.DLL.bi
D:\软件VS\DIC单目程序第一版！\20180703DIC\IMAGER\IMAGER\X64\DEBUG\VC100.PDB
D:\软件VS\DIC单目程序第一版！\20180703DIC\MYDIC\MYDIC\BIN\X64\DEBUG\IMAGER.DLL
D:\软件VS\DIC单目程序第一版！\20180703DIC\MyDIC\MyDIC\bin\x64\Debug\ImageR.exp
D:\软件VS\DIC单目程序第一版！\20180703DIC\MYDIC\MYDIC\BIN\X64\DEBUG\IMAGER.ILK
D:\软件VS\DIC单目程序第一版！\20180703DIC\MyDIC\MyDIC\bin\x64\Debug\ImageR.lib
D:\软件VS\DIC单目程序第一版！\20180703DIC\MYDIC\MYDIC\BIN\X64\DEBUG\IMAGER.PDB
